<?xml version="1.0" encoding="UTF-8"?>
<testng-results skipped="0" failed="0" ignored="0" total="0" passed="0">
  <reporter-output>
  </reporter-output>
  <suite name="com.test.automation.uiAutomation.AppTest" duration-ms="5" started-at="2018-03-05T18:54:29Z" finished-at="2018-03-05T18:54:29Z">
    <groups>
    </groups>
    <test name="Command line test" duration-ms="5" started-at="2018-03-05T18:54:29Z" finished-at="2018-03-05T18:54:29Z">
    </test> <!-- Command line test -->
  </suite> <!-- com.test.automation.uiAutomation.AppTest -->
</testng-results>
