<?xml version="1.0" encoding="UTF-8"?>
<testng-results skipped="0" failed="0" ignored="0" total="1" passed="1">
  <reporter-output>
  </reporter-output>
  <suite name="Default suite" duration-ms="20830" started-at="2018-03-06T17:56:30Z" finished-at="2018-03-06T17:56:51Z">
    <groups>
    </groups>
    <test name="Default test" duration-ms="20830" started-at="2018-03-06T17:56:30Z" finished-at="2018-03-06T17:56:51Z">
      <class name="com.test.automation.uiAutomation.homepage.TC01_VerifyLoginWithInvalidCredentials">
        <test-method status="PASS" signature="setUp()[pri:0, instance:com.test.automation.uiAutomation.homepage.TC01_VerifyLoginWithInvalidCredentials@6a4f787b]" name="setUp" is-config="true" duration-ms="14896" started-at="2018-03-06T23:26:30Z" finished-at="2018-03-06T23:26:45Z">
          <reporter-output>
          </reporter-output>
        </test-method> <!-- setUp -->
        <test-method status="PASS" signature="VerifyLoginWithInvalidCredentials()[pri:0, instance:com.test.automation.uiAutomation.homepage.TC01_VerifyLoginWithInvalidCredentials@6a4f787b]" name="VerifyLoginWithInvalidCredentials" duration-ms="5711" started-at="2018-03-06T23:26:45Z" finished-at="2018-03-06T23:26:51Z">
          <reporter-output>
          </reporter-output>
        </test-method> <!-- VerifyLoginWithInvalidCredentials -->
        <test-method status="PASS" signature="endTest()[pri:0, instance:com.test.automation.uiAutomation.homepage.TC01_VerifyLoginWithInvalidCredentials@6a4f787b]" name="endTest" is-config="true" duration-ms="194" started-at="2018-03-06T23:26:51Z" finished-at="2018-03-06T23:26:51Z">
          <reporter-output>
          </reporter-output>
        </test-method> <!-- endTest -->
      </class> <!-- com.test.automation.uiAutomation.homepage.TC01_VerifyLoginWithInvalidCredentials -->
    </test> <!-- Default test -->
  </suite> <!-- Default suite -->
</testng-results>
